{"total": {"lines":{"total":175,"covered":163,"skipped":0,"pct":93.14},"statements":{"total":180,"covered":168,"skipped":0,"pct":93.33},"functions":{"total":33,"covered":30,"skipped":0,"pct":90.9},"branches":{"total":82,"covered":70,"skipped":0,"pct":85.36},"branchesTrue":{"total":0,"covered":0,"skipped":0,"pct":100}}
,"C:\\Users\\jackd\\Documents\\code\\folks-do-stuff\\src\\helpers\\decay.js": {"lines":{"total":17,"covered":16,"skipped":0,"pct":94.11},"functions":{"total":5,"covered":5,"skipped":0,"pct":100},"statements":{"total":17,"covered":16,"skipped":0,"pct":94.11},"branches":{"total":4,"covered":3,"skipped":0,"pct":75}}
,"C:\\Users\\jackd\\Documents\\code\\folks-do-stuff\\src\\helpers\\metric-time.js": {"lines":{"total":48,"covered":48,"skipped":0,"pct":100},"functions":{"total":2,"covered":2,"skipped":0,"pct":100},"statements":{"total":49,"covered":49,"skipped":0,"pct":100},"branches":{"total":16,"covered":16,"skipped":0,"pct":100}}
,"C:\\Users\\jackd\\Documents\\code\\folks-do-stuff\\src\\services\\credentials.service.js": {"lines":{"total":6,"covered":6,"skipped":0,"pct":100},"functions":{"total":3,"covered":3,"skipped":0,"pct":100},"statements":{"total":6,"covered":6,"skipped":0,"pct":100},"branches":{"total":0,"covered":0,"skipped":0,"pct":100}}
,"C:\\Users\\jackd\\Documents\\code\\folks-do-stuff\\src\\services\\entity.service.js": {"lines":{"total":8,"covered":8,"skipped":0,"pct":100},"functions":{"total":3,"covered":3,"skipped":0,"pct":100},"statements":{"total":8,"covered":8,"skipped":0,"pct":100},"branches":{"total":0,"covered":0,"skipped":0,"pct":100}}
,"C:\\Users\\jackd\\Documents\\code\\folks-do-stuff\\src\\services\\token.service.js": {"lines":{"total":11,"covered":11,"skipped":0,"pct":100},"functions":{"total":3,"covered":3,"skipped":0,"pct":100},"statements":{"total":11,"covered":11,"skipped":0,"pct":100},"branches":{"total":4,"covered":4,"skipped":0,"pct":100}}
,"C:\\Users\\jackd\\Documents\\code\\folks-do-stuff\\src\\services\\tree.service.js": {"lines":{"total":85,"covered":74,"skipped":0,"pct":87.05},"functions":{"total":17,"covered":14,"skipped":0,"pct":82.35},"statements":{"total":89,"covered":78,"skipped":0,"pct":87.64},"branches":{"total":58,"covered":47,"skipped":0,"pct":81.03}}
}
