{"total": {"lines":{"total":219,"covered":201,"skipped":0,"pct":91.78},"statements":{"total":225,"covered":206,"skipped":0,"pct":91.55},"functions":{"total":39,"covered":34,"skipped":0,"pct":87.17},"branches":{"total":100,"covered":81,"skipped":0,"pct":81},"branchesTrue":{"total":0,"covered":0,"skipped":0,"pct":100}}
,"C:\\Users\\jackd\\Documents\\code\\folks-do-stuff\\src\\apis\\decision.api.js": {"lines":{"total":18,"covered":16,"skipped":0,"pct":88.88},"functions":{"total":4,"covered":2,"skipped":0,"pct":50},"statements":{"total":19,"covered":16,"skipped":0,"pct":84.21},"branches":{"total":7,"covered":5,"skipped":0,"pct":71.42}}
,"C:\\Users\\jackd\\Documents\\code\\folks-do-stuff\\src\\helpers\\decay.js": {"lines":{"total":17,"covered":16,"skipped":0,"pct":94.11},"functions":{"total":5,"covered":5,"skipped":0,"pct":100},"statements":{"total":17,"covered":16,"skipped":0,"pct":94.11},"branches":{"total":4,"covered":3,"skipped":0,"pct":75}}
,"C:\\Users\\jackd\\Documents\\code\\folks-do-stuff\\src\\helpers\\metric-time.js": {"lines":{"total":48,"covered":48,"skipped":0,"pct":100},"functions":{"total":2,"covered":2,"skipped":0,"pct":100},"statements":{"total":49,"covered":49,"skipped":0,"pct":100},"branches":{"total":16,"covered":16,"skipped":0,"pct":100}}
,"C:\\Users\\jackd\\Documents\\code\\folks-do-stuff\\src\\middleware\\authenticate.js": {"lines":{"total":13,"covered":11,"skipped":0,"pct":84.61},"functions":{"total":1,"covered":1,"skipped":0,"pct":100},"statements":{"total":13,"covered":11,"skipped":0,"pct":84.61},"branches":{"total":4,"covered":3,"skipped":0,"pct":75}}
,"C:\\Users\\jackd\\Documents\\code\\folks-do-stuff\\src\\services\\api\\credentials.service.js": {"lines":{"total":6,"covered":6,"skipped":0,"pct":100},"functions":{"total":3,"covered":3,"skipped":0,"pct":100},"statements":{"total":6,"covered":6,"skipped":0,"pct":100},"branches":{"total":0,"covered":0,"skipped":0,"pct":100}}
,"C:\\Users\\jackd\\Documents\\code\\folks-do-stuff\\src\\services\\api\\token.service.js": {"lines":{"total":11,"covered":11,"skipped":0,"pct":100},"functions":{"total":3,"covered":3,"skipped":0,"pct":100},"statements":{"total":11,"covered":11,"skipped":0,"pct":100},"branches":{"total":4,"covered":4,"skipped":0,"pct":100}}
,"C:\\Users\\jackd\\Documents\\code\\folks-do-stuff\\src\\services\\game\\entity.service.js": {"lines":{"total":8,"covered":8,"skipped":0,"pct":100},"functions":{"total":3,"covered":3,"skipped":0,"pct":100},"statements":{"total":8,"covered":8,"skipped":0,"pct":100},"branches":{"total":0,"covered":0,"skipped":0,"pct":100}}
,"C:\\Users\\jackd\\Documents\\code\\folks-do-stuff\\src\\services\\game\\tree.service.js": {"lines":{"total":85,"covered":74,"skipped":0,"pct":87.05},"functions":{"total":17,"covered":14,"skipped":0,"pct":82.35},"statements":{"total":89,"covered":78,"skipped":0,"pct":87.64},"branches":{"total":58,"covered":47,"skipped":0,"pct":81.03}}
,"C:\\Users\\jackd\\Documents\\code\\folks-do-stuff\\tests\\boilerplates\\apiError.js": {"lines":{"total":13,"covered":11,"skipped":0,"pct":84.61},"functions":{"total":1,"covered":1,"skipped":0,"pct":100},"statements":{"total":13,"covered":11,"skipped":0,"pct":84.61},"branches":{"total":7,"covered":3,"skipped":0,"pct":42.85}}
}
